#
# A fatal error has been detected by the Java Runtime Environment:
#
#  EXCEPTION_ACCESS_VIOLATION (0xc0000005) at pc=0x00007ffd1c87d17e, pid=22912, tid=21708
#
# JRE version: Java(TM) SE Runtime Environment (11.0.6+8) (build 11.0.6+8-LTS)
# Java VM: Java HotSpot(TM) 64-Bit Server VM (11.0.6+8-LTS, mixed mode, tiered, compressed oops, g1 gc, windows-amd64)
# Problematic frame:
# C  [ntdll.dll+0x3d17e]
#
# No core dump will be written. Minidumps are not enabled by default on client versions of Windows
#
# If you would like to submit a bug report, please visit:
#   http://bugreport.java.com/bugreport/crash.jsp
#

---------------  S U M M A R Y ------------

Command Line: -Dfile.encoding=windows-1252 -Duser.country=US -Duser.language=en -Duser.variant Main

Host: Intel(R) Core(TM) i7-7700HQ CPU @ 2.80GHz, 8 cores, 7G, 
[error occurred during error reporting (printing summary machine and OS info), id 0xc0000005, EXCEPTION_ACCESS_VIOLATION (0xc0000005) at pc=0x00007ffd1c87d17e]

Time: Sat Apr 11 19:29:48 2020 Romance Daylight Time elapsed time: 2 seconds (0d 0h 0m 2s)

---------------  T H R E A D  ---------------

Current thread (0x000001b7e2cb7000):  JavaThread "pool-1-thread-4" [_thread_in_vm, id=21708, stack(0x0000006954900000,0x0000006954a00000)]

Stack: [0x0000006954900000,0x0000006954a00000],  sp=0x00000069549ff2d0,  free space=1020k
Native frames: (J=compiled Java code, j=interpreted, Vv=VM code, C=native code)
C  [ntdll.dll+0x3d17e]
C  [ntdll.dll+0x3babb]
C  [ucrtbase.dll+0x12596]
V  [jvm.dll+0x62985b]
V  [jvm.dll+0xb93a0]
V  [jvm.dll+0x73d381]
V  [jvm.dll+0x73dd6f]
V  [jvm.dll+0x73a61e]
V  [jvm.dll+0x736412]
V  [jvm.dll+0x73aa04]
V  [jvm.dll+0x733905]
V  [jvm.dll+0x635846]
C  [ucrtbase.dll+0x20e72]
C  [KERNEL32.DLL+0x17bd4]
C  [ntdll.dll+0x6ced1]


siginfo: EXCEPTION_ACCESS_VIOLATION (0xc0000005), reading address 0xffffffffffffffff


Register to memory mapping:

RIP=0x00007ffd1c87d17e ntdll.dll
RAX=
[error occurred during error reporting (printing register info), id 0xc0000005, EXCEPTION_ACCESS_VIOLATION (0xc0000005) at pc=0x00007ffcb8d92f56]

Registers:
RAX=0x00000000f15caa1d, RBX=0x000001b7c1010000, RCX=0x0000000000007f7f, RDX=0x000000000000007f
RSP=0x00000069549ff2d0, RBP=0x00000069549ff559, RSI=0x000001b78ad46280, RDI=0x0000000000000355
R8 =0x000001b78ad46270, R9 =0x000000000000000a, R10=0x0000000000000000, R11=0x000001b7c1010000
R12=0x8885858684898581, R13=0x0000000000000204, R14=0x8483858487848283, R15=0x000001b78ad46270
RIP=0x00007ffd1c87d17e, EFLAGS=0x0000000000010206

Top of Stack: (sp=0x00000069549ff2d0)
0x00000069549ff2d0:   000001b7c1010000 000001b78ad46270
0x00000069549ff2e0:   000001b7c1010000 000001b78ad46280
0x00000069549ff2f0:   0000000000000000 0000000000000000
0x00000069549ff300:   00000001c3253701 0000000000000000
0x00000069549ff310:   00000000e2cb4700 0000000000000000
0x00000069549ff320:   000001b700000001 0000000000000204
0x00000069549ff330:   000001b700000355 0000000000000009
0x00000069549ff340:   0000000000000000 000001b7c1010150
0x00000069549ff350:   000001b78ad46270 00007ffcb90a8936
0x00000069549ff360:   000001b7e2cb4700 0000000000000000
0x00000069549ff370:   0000000000000000 0000000000000204
0x00000069549ff380:   000001b7e29edbc0 00007ffcb90a94b3
0x00000069549ff390:   0000000000000000 000001b7c1017260
0x00000069549ff3a0:   000001b7e2cb7000 00007ffcb90a8705
0x00000069549ff3b0:   0000000000000000 0000000000000000
0x00000069549ff3c0:   00000069549ff660 000001b7e2cb7000 

Instructions: (pc=0x00007ffd1c87d17e)
0x00007ffd1c87d15e:   0f b7 4f 08 0f b7 d1 66 c1 ea 08 4c 8b 6c 24 58
0x00007ffd1c87d16e:   49 3b cd 0f 82 9f 13 00 00 4c 8b 36 4d 8b 67 18
0x00007ffd1c87d17e:   49 8b 04 24 4d 8b 4e 08 49 3b c1 0f 85 64 13 00
0x00007ffd1c87d18e:   00 48 3b c6 0f 85 5b 13 00 00 48 29 8b c0 00 00 


Stack slot to memory mapping:
stack at sp + 0 slots: 0x000001b7c1010000 points into unknown readable memory: 00 00 00 00 00 00 00 00
stack at sp + 1 slots: 0x000001b78ad46270 points into unknown readable memory: 78 7b 7c 7e 7d 80 86 80
stack at sp + 2 slots: 0x000001b7c1010000 points into unknown readable memory: 00 00 00 00 00 00 00 00
stack at sp + 3 slots: 0x000001b78ad46280 points into unknown readable memory: 83 82 84 87 84 85 83 84
stack at sp + 4 slots: 0x0 is NULL
stack at sp + 5 slots: 0x0 is NULL
stack at sp + 6 slots: 0x00000001c3253701 is an unknown value
stack at sp + 7 slots: 0x0 is NULL


---------------  P R O C E S S  ---------------

Threads class SMR info:
_java_thread_list=0x000001b78a6187f0, length=14, elements={
0x000001b7e1e83000, 0x000001b7e1e8c000, 0x000001b7e1e9a000, 0x000001b7e1e9b000,
0x000001b7e1e9e800, 0x000001b7e27ff000, 0x000001b7e1ea8000, 0x000001b7e295a800,
0x000001b7e2972800, 0x000001b7e2b1c800, 0x000001b7e2cb1000, 0x000001b7e2cb2000,
0x000001b7c3255800, 0x000001b78a8d3800
}
_to_delete_list=0x000001b78a618370, length=15, elements={
0x000001b7e1e83000, 0x000001b7e1e8c000, 0x000001b7e1e9a000, 0x000001b7e1e9b000,
0x000001b7e1e9e800, 0x000001b7e27ff000, 0x000001b7e1ea8000, 0x000001b7e295a800,
0x000001b7e2972800, 0x000001b7e2b1c800, 0x000001b7e2cb1000, 0x000001b7e2cb2000,
0x000001b7e2cb7000, 0x000001b7c3255800, 0x000001b78a8d3800
}

Java Threads: ( => current thread )
  0x000001b7e1e83000 JavaThread "Reference Handler" daemon [_thread_blocked, id=23516, stack(0x0000006953c00000,0x0000006953d00000)]
  0x000001b7e1e8c000 JavaThread "Finalizer" daemon [_thread_blocked, id=16520, stack(0x0000006953d00000,0x0000006953e00000)]
  0x000001b7e1e9a000 JavaThread "Signal Dispatcher" daemon [_thread_blocked, id=21944, stack(0x0000006953e00000,0x0000006953f00000)]
  0x000001b7e1e9b000 JavaThread "Attach Listener" daemon [_thread_blocked, id=18976, stack(0x0000006953f00000,0x0000006954000000)]
  0x000001b7e1e9e800 JavaThread "C2 CompilerThread0" daemon [_thread_blocked, id=19580, stack(0x0000006954000000,0x0000006954100000)]
  0x000001b7e27ff000 JavaThread "C1 CompilerThread0" daemon [_thread_blocked, id=5984, stack(0x0000006954100000,0x0000006954200000)]
  0x000001b7e1ea8000 JavaThread "Sweeper thread" daemon [_thread_blocked, id=23476, stack(0x0000006954200000,0x0000006954300000)]
  0x000001b7e295a800 JavaThread "Service Thread" daemon [_thread_blocked, id=5256, stack(0x0000006954300000,0x0000006954400000)]
  0x000001b7e2972800 JavaThread "Common-Cleaner" daemon [_thread_blocked, id=21748, stack(0x0000006954500000,0x0000006954600000)]
  0x000001b7e2b1c800 JavaThread "pool-1-thread-1" [_thread_blocked, id=13976, stack(0x0000006954600000,0x0000006954700000)]
  0x000001b7e2cb1000 JavaThread "pool-1-thread-2" [_thread_in_native, id=11452, stack(0x0000006954700000,0x0000006954800000)]
  0x000001b7e2cb2000 JavaThread "pool-1-thread-3" [_thread_in_native, id=9352, stack(0x0000006954800000,0x0000006954900000)]
  0x000001b7c3255800 JavaThread "DestroyJavaVM" [_thread_blocked, id=17572, stack(0x0000006953500000,0x0000006953600000)]
  0x000001b78a8d3800 JavaThread "pool-1-thread-5" [_thread_blocked, id=9840, stack(0x0000006956f00000,0x0000006957000000)]

Other Threads:
  0x000001b7e1e81800 VMThread "VM Thread" [stack: 0x0000006953b00000,0x0000006953c00000] [id=21812]
  0x000001b7e2972000 WatcherThread [stack: 0x0000006954400000,0x0000006954500000] [id=6448]
  0x000001b7c326e800 GCTaskThread "GC Thread#0" [stack: 0x0000006953600000,0x0000006953700000] [id=22448]
  0x000001b7c329d800 ConcurrentGCThread "G1 Main Marker" [stack: 0x0000006953700000,0x0000006953800000] [id=17080]
  0x000001b7c32a0000 ConcurrentGCThread "G1 Conc#0" [stack: 0x0000006953800000,0x0000006953900000] [id=22996]
  0x000001b7e1cc8800 ConcurrentGCThread "G1 Refine#0" [stack: 0x0000006953900000,0x0000006953a00000] [id=19920]
  0x000001b7e1cc9000 ConcurrentGCThread "G1 Young RemSet Sampling" [stack: 0x0000006953a00000,0x0000006953b00000] [id=22396]

=>0x000001b7e2cb7000 (exited) JavaThread "pool-1-thread-4" [_thread_in_vm, id=21708, stack(0x0000006954900000,0x0000006954a00000)]

Threads with active compile tasks:

VM state:not at safepoint (normal execution)

VM Mutex/Monitor currently owned by a thread:  ([mutex/lock_event])
[0x000001b7c32535a0] Threads_lock - owner thread: 0x000001b7e2cb7000

Heap address: 0x0000000081c00000, size: 2020 MB, Compressed Oops mode: 32-bit
Narrow klass base: 0x0000000000000000, Narrow klass shift: 3
Compressed class space size: 1073741824 Address: 0x0000000100000000

Heap:
 garbage-first heap   total 131072K, used 4096K [0x0000000081c00000, 0x0000000100000000)
  region size 1024K, 5 young (5120K), 0 survivors (0K)
 Metaspace       used 6721K, capacity 6901K, committed 7168K, reserved 1056768K
  class space    used 595K, capacity 660K, committed 768K, reserved 1048576K
Heap Regions: E=young(eden), S=young(survivor), O=old, HS=humongous(starts), HC=humongous(continues), CS=collection set, F=free, A=archive, TAMS=top-at-mark-start (previous, next)
|   0|0x0000000081c00000, 0x0000000081c00000, 0x0000000081d00000|  0%| F|  |TAMS 0x0000000081c00000, 0x0000000081c00000| Untracked 
|   1|0x0000000081d00000, 0x0000000081d00000, 0x0000000081e00000|  0%| F|  |TAMS 0x0000000081d00000, 0x0000000081d00000| Untracked 
|   2|0x0000000081e00000, 0x0000000081e00000, 0x0000000081f00000|  0%| F|  |TAMS 0x0000000081e00000, 0x0000000081e00000| Untracked 
|   3|0x0000000081f00000, 0x0000000081f00000, 0x0000000082000000|  0%| F|  |TAMS 0x0000000081f00000, 0x0000000081f00000| Untracked 
|   4|0x0000000082000000, 0x0000000082000000, 0x0000000082100000|  0%| F|  |TAMS 0x0000000082000000, 0x0000000082000000| Untracked 
|   5|0x0000000082100000, 0x0000000082100000, 0x0000000082200000|  0%| F|  |TAMS 0x0000000082100000, 0x0000000082100000| Untracked 
|   6|0x0000000082200000, 0x0000000082200000, 0x0000000082300000|  0%| F|  |TAMS 0x0000000082200000, 0x0000000082200000| Untracked 
|   7|0x0000000082300000, 0x0000000082300000, 0x0000000082400000|  0%| F|  |TAMS 0x0000000082300000, 0x0000000082300000| Untracked 
|   8|0x0000000082400000, 0x0000000082400000, 0x0000000082500000|  0%| F|  |TAMS 0x0000000082400000, 0x0000000082400000| Untracked 
|   9|0x0000000082500000, 0x0000000082500000, 0x0000000082600000|  0%| F|  |TAMS 0x0000000082500000, 0x0000000082500000| Untracked 
|  10|0x0000000082600000, 0x0000000082600000, 0x0000000082700000|  0%| F|  |TAMS 0x0000000082600000, 0x0000000082600000| Untracked 
|  11|0x0000000082700000, 0x0000000082700000, 0x0000000082800000|  0%| F|  |TAMS 0x0000000082700000, 0x0000000082700000| Untracked 
|  12|0x0000000082800000, 0x0000000082800000, 0x0000000082900000|  0%| F|  |TAMS 0x0000000082800000, 0x0000000082800000| Untracked 
|  13|0x0000000082900000, 0x0000000082900000, 0x0000000082a00000|  0%| F|  |TAMS 0x0000000082900000, 0x0000000082900000| Untracked 
|  14|0x0000000082a00000, 0x0000000082a00000, 0x0000000082b00000|  0%| F|  |TAMS 0x0000000082a00000, 0x0000000082a00000| Untracked 
|  15|0x0000000082b00000, 0x0000000082b00000, 0x0000000082c00000|  0%| F|  |TAMS 0x0000000082b00000, 0x0000000082b00000| Untracked 
|  16|0x0000000082c00000, 0x0000000082c00000, 0x0000000082d00000|  0%| F|  |TAMS 0x0000000082c00000, 0x0000000082c00000| Untracked 
|  17|0x0000000082d00000, 0x0000000082d00000, 0x0000000082e00000|  0%| F|  |TAMS 0x0000000082d00000, 0x0000000082d00000| Untracked 
|  18|0x0000000082e00000, 0x0000000082e00000, 0x0000000082f00000|  0%| F|  |TAMS 0x0000000082e00000, 0x0000000082e00000| Untracked 
|  19|0x0000000082f00000, 0x0000000082f00000, 0x0000000083000000|  0%| F|  |TAMS 0x0000000082f00000, 0x0000000082f00000| Untracked 
|  20|0x0000000083000000, 0x0000000083000000, 0x0000000083100000|  0%| F|  |TAMS 0x0000000083000000, 0x0000000083000000| Untracked 
|  21|0x0000000083100000, 0x0000000083100000, 0x0000000083200000|  0%| F|  |TAMS 0x0000000083100000, 0x0000000083100000| Untracked 
|  22|0x0000000083200000, 0x0000000083200000, 0x0000000083300000|  0%| F|  |TAMS 0x0000000083200000, 0x0000000083200000| Untracked 
|  23|0x0000000083300000, 0x0000000083300000, 0x0000000083400000|  0%| F|  |TAMS 0x0000000083300000, 0x0000000083300000| Untracked 
|  24|0x0000000083400000, 0x0000000083400000, 0x0000000083500000|  0%| F|  |TAMS 0x0000000083400000, 0x0000000083400000| Untracked 
|  25|0x0000000083500000, 0x0000000083500000, 0x0000000083600000|  0%| F|  |TAMS 0x0000000083500000, 0x0000000083500000| Untracked 
|  26|0x0000000083600000, 0x0000000083600000, 0x0000000083700000|  0%| F|  |TAMS 0x0000000083600000, 0x0000000083600000| Untracked 
|  27|0x0000000083700000, 0x0000000083700000, 0x0000000083800000|  0%| F|  |TAMS 0x0000000083700000, 0x0000000083700000| Untracked 
|  28|0x0000000083800000, 0x0000000083800000, 0x0000000083900000|  0%| F|  |TAMS 0x0000000083800000, 0x0000000083800000| Untracked 
|  29|0x0000000083900000, 0x0000000083900000, 0x0000000083a00000|  0%| F|  |TAMS 0x0000000083900000, 0x0000000083900000| Untracked 
|  30|0x0000000083a00000, 0x0000000083a00000, 0x0000000083b00000|  0%| F|  |TAMS 0x0000000083a00000, 0x0000000083a00000| Untracked 
|  31|0x0000000083b00000, 0x0000000083b00000, 0x0000000083c00000|  0%| F|  |TAMS 0x0000000083b00000, 0x0000000083b00000| Untracked 
|  32|0x0000000083c00000, 0x0000000083c00000, 0x0000000083d00000|  0%| F|  |TAMS 0x0000000083c00000, 0x0000000083c00000| Untracked 
|  33|0x0000000083d00000, 0x0000000083d00000, 0x0000000083e00000|  0%| F|  |TAMS 0x0000000083d00000, 0x0000000083d00000| Untracked 
|  34|0x0000000083e00000, 0x0000000083e00000, 0x0000000083f00000|  0%| F|  |TAMS 0x0000000083e00000, 0x0000000083e00000| Untracked 
|  35|0x0000000083f00000, 0x0000000083f00000, 0x0000000084000000|  0%| F|  |TAMS 0x0000000083f00000, 0x0000000083f00000| Untracked 
|  36|0x0000000084000000, 0x0000000084000000, 0x0000000084100000|  0%| F|  |TAMS 0x0000000084000000, 0x0000000084000000| Untracked 
|  37|0x0000000084100000, 0x0000000084100000, 0x0000000084200000|  0%| F|  |TAMS 0x0000000084100000, 0x0000000084100000| Untracked 
|  38|0x0000000084200000, 0x0000000084200000, 0x0000000084300000|  0%| F|  |TAMS 0x0000000084200000, 0x0000000084200000| Untracked 
|  39|0x0000000084300000, 0x0000000084300000, 0x0000000084400000|  0%| F|  |TAMS 0x0000000084300000, 0x0000000084300000| Untracked 
|  40|0x0000000084400000, 0x0000000084400000, 0x0000000084500000|  0%| F|  |TAMS 0x0000000084400000, 0x0000000084400000| Untracked 
|  41|0x0000000084500000, 0x0000000084500000, 0x0000000084600000|  0%| F|  |TAMS 0x0000000084500000, 0x0000000084500000| Untracked 
|  42|0x0000000084600000, 0x0000000084600000, 0x0000000084700000|  0%| F|  |TAMS 0x0000000084600000, 0x0000000084600000| Untracked 
|  43|0x0000000084700000, 0x0000000084700000, 0x0000000084800000|  0%| F|  |TAMS 0x0000000084700000, 0x0000000084700000| Untracked 
|  44|0x0000000084800000, 0x0000000084800000, 0x0000000084900000|  0%| F|  |TAMS 0x0000000084800000, 0x0000000084800000| Untracked 
|  45|0x0000000084900000, 0x0000000084900000, 0x0000000084a00000|  0%| F|  |TAMS 0x0000000084900000, 0x0000000084900000| Untracked 
|  46|0x0000000084a00000, 0x0000000084a00000, 0x0000000084b00000|  0%| F|  |TAMS 0x0000000084a00000, 0x0000000084a00000| Untracked 
|  47|0x0000000084b00000, 0x0000000084b00000, 0x0000000084c00000|  0%| F|  |TAMS 0x0000000084b00000, 0x0000000084b00000| Untracked 
|  48|0x0000000084c00000, 0x0000000084c00000, 0x0000000084d00000|  0%| F|  |TAMS 0x0000000084c00000, 0x0000000084c00000| Untracked 
|  49|0x0000000084d00000, 0x0000000084d00000, 0x0000000084e00000|  0%| F|  |TAMS 0x0000000084d00000, 0x0000000084d00000| Untracked 
|  50|0x0000000084e00000, 0x0000000084e00000, 0x0000000084f00000|  0%| F|  |TAMS 0x0000000084e00000, 0x0000000084e00000| Untracked 
|  51|0x0000000084f00000, 0x0000000084f00000, 0x0000000085000000|  0%| F|  |TAMS 0x0000000084f00000, 0x0000000084f00000| Untracked 
|  52|0x0000000085000000, 0x0000000085000000, 0x0000000085100000|  0%| F|  |TAMS 0x0000000085000000, 0x0000000085000000| Untracked 
|  53|0x0000000085100000, 0x0000000085100000, 0x0000000085200000|  0%| F|  |TAMS 0x0000000085100000, 0x0000000085100000| Untracked 
|  54|0x0000000085200000, 0x0000000085200000, 0x0000000085300000|  0%| F|  |TAMS 0x0000000085200000, 0x0000000085200000| Untracked 
|  55|0x0000000085300000, 0x0000000085300000, 0x0000000085400000|  0%| F|  |TAMS 0x0000000085300000, 0x0000000085300000| Untracked 
|  56|0x0000000085400000, 0x0000000085400000, 0x0000000085500000|  0%| F|  |TAMS 0x0000000085400000, 0x0000000085400000| Untracked 
|  57|0x0000000085500000, 0x0000000085500000, 0x0000000085600000|  0%| F|  |TAMS 0x0000000085500000, 0x0000000085500000| Untracked 
|  58|0x0000000085600000, 0x0000000085600000, 0x0000000085700000|  0%| F|  |TAMS 0x0000000085600000, 0x0000000085600000| Untracked 
|  59|0x0000000085700000, 0x0000000085700000, 0x0000000085800000|  0%| F|  |TAMS 0x0000000085700000, 0x0000000085700000| Untracked 
|  60|0x0000000085800000, 0x0000000085800000, 0x0000000085900000|  0%| F|  |TAMS 0x0000000085800000, 0x0000000085800000| Untracked 
|  61|0x0000000085900000, 0x0000000085900000, 0x0000000085a00000|  0%| F|  |TAMS 0x0000000085900000, 0x0000000085900000| Untracked 
|  62|0x0000000085a00000, 0x0000000085a00000, 0x0000000085b00000|  0%| F|  |TAMS 0x0000000085a00000, 0x0000000085a00000| Untracked 
|  63|0x0000000085b00000, 0x0000000085b00000, 0x0000000085c00000|  0%| F|  |TAMS 0x0000000085b00000, 0x0000000085b00000| Untracked 
|  64|0x0000000085c00000, 0x0000000085c00000, 0x0000000085d00000|  0%| F|  |TAMS 0x0000000085c00000, 0x0000000085c00000| Untracked 
|  65|0x0000000085d00000, 0x0000000085d00000, 0x0000000085e00000|  0%| F|  |TAMS 0x0000000085d00000, 0x0000000085d00000| Untracked 
|  66|0x0000000085e00000, 0x0000000085e00000, 0x0000000085f00000|  0%| F|  |TAMS 0x0000000085e00000, 0x0000000085e00000| Untracked 
|  67|0x0000000085f00000, 0x0000000085f00000, 0x0000000086000000|  0%| F|  |TAMS 0x0000000085f00000, 0x0000000085f00000| Untracked 
|  68|0x0000000086000000, 0x0000000086000000, 0x0000000086100000|  0%| F|  |TAMS 0x0000000086000000, 0x0000000086000000| Untracked 
|  69|0x0000000086100000, 0x0000000086100000, 0x0000000086200000|  0%| F|  |TAMS 0x0000000086100000, 0x0000000086100000| Untracked 
|  70|0x0000000086200000, 0x0000000086200000, 0x0000000086300000|  0%| F|  |TAMS 0x0000000086200000, 0x0000000086200000| Untracked 
|  71|0x0000000086300000, 0x0000000086300000, 0x0000000086400000|  0%| F|  |TAMS 0x0000000086300000, 0x0000000086300000| Untracked 
|  72|0x0000000086400000, 0x0000000086400000, 0x0000000086500000|  0%| F|  |TAMS 0x0000000086400000, 0x0000000086400000| Untracked 
|  73|0x0000000086500000, 0x0000000086500000, 0x0000000086600000|  0%| F|  |TAMS 0x0000000086500000, 0x0000000086500000| Untracked 
|  74|0x0000000086600000, 0x0000000086600000, 0x0000000086700000|  0%| F|  |TAMS 0x0000000086600000, 0x0000000086600000| Untracked 
|  75|0x0000000086700000, 0x0000000086700000, 0x0000000086800000|  0%| F|  |TAMS 0x0000000086700000, 0x0000000086700000| Untracked 
|  76|0x0000000086800000, 0x0000000086800000, 0x0000000086900000|  0%| F|  |TAMS 0x0000000086800000, 0x0000000086800000| Untracked 
|  77|0x0000000086900000, 0x0000000086900000, 0x0000000086a00000|  0%| F|  |TAMS 0x0000000086900000, 0x0000000086900000| Untracked 
|  78|0x0000000086a00000, 0x0000000086a00000, 0x0000000086b00000|  0%| F|  |TAMS 0x0000000086a00000, 0x0000000086a00000| Untracked 
|  79|0x0000000086b00000, 0x0000000086b00000, 0x0000000086c00000|  0%| F|  |TAMS 0x0000000086b00000, 0x0000000086b00000| Untracked 
|  80|0x0000000086c00000, 0x0000000086c00000, 0x0000000086d00000|  0%| F|  |TAMS 0x0000000086c00000, 0x0000000086c00000| Untracked 
|  81|0x0000000086d00000, 0x0000000086d00000, 0x0000000086e00000|  0%| F|  |TAMS 0x0000000086d00000, 0x0000000086d00000| Untracked 
|  82|0x0000000086e00000, 0x0000000086e00000, 0x0000000086f00000|  0%| F|  |TAMS 0x0000000086e00000, 0x0000000086e00000| Untracked 
|  83|0x0000000086f00000, 0x0000000086f00000, 0x0000000087000000|  0%| F|  |TAMS 0x0000000086f00000, 0x0000000086f00000| Untracked 
|  84|0x0000000087000000, 0x0000000087000000, 0x0000000087100000|  0%| F|  |TAMS 0x0000000087000000, 0x0000000087000000| Untracked 
|  85|0x0000000087100000, 0x0000000087100000, 0x0000000087200000|  0%| F|  |TAMS 0x0000000087100000, 0x0000000087100000| Untracked 
|  86|0x0000000087200000, 0x0000000087200000, 0x0000000087300000|  0%| F|  |TAMS 0x0000000087200000, 0x0000000087200000| Untracked 
|  87|0x0000000087300000, 0x0000000087300000, 0x0000000087400000|  0%| F|  |TAMS 0x0000000087300000, 0x0000000087300000| Untracked 
|  88|0x0000000087400000, 0x0000000087400000, 0x0000000087500000|  0%| F|  |TAMS 0x0000000087400000, 0x0000000087400000| Untracked 
|  89|0x0000000087500000, 0x0000000087500000, 0x0000000087600000|  0%| F|  |TAMS 0x0000000087500000, 0x0000000087500000| Untracked 
|  90|0x0000000087600000, 0x0000000087600000, 0x0000000087700000|  0%| F|  |TAMS 0x0000000087600000, 0x0000000087600000| Untracked 
|  91|0x0000000087700000, 0x0000000087700000, 0x0000000087800000|  0%| F|  |TAMS 0x0000000087700000, 0x0000000087700000| Untracked 
|  92|0x0000000087800000, 0x0000000087800000, 0x0000000087900000|  0%| F|  |TAMS 0x0000000087800000, 0x0000000087800000| Untracked 
|  93|0x0000000087900000, 0x0000000087900000, 0x0000000087a00000|  0%| F|  |TAMS 0x0000000087900000, 0x0000000087900000| Untracked 
|  94|0x0000000087a00000, 0x0000000087a00000, 0x0000000087b00000|  0%| F|  |TAMS 0x0000000087a00000, 0x0000000087a00000| Untracked 
|  95|0x0000000087b00000, 0x0000000087b00000, 0x0000000087c00000|  0%| F|  |TAMS 0x0000000087b00000, 0x0000000087b00000| Untracked 
|  96|0x0000000087c00000, 0x0000000087c00000, 0x0000000087d00000|  0%| F|  |TAMS 0x0000000087c00000, 0x0000000087c00000| Untracked 
|  97|0x0000000087d00000, 0x0000000087d00000, 0x0000000087e00000|  0%| F|  |TAMS 0x0000000087d00000, 0x0000000087d00000| Untracked 
|  98|0x0000000087e00000, 0x0000000087e00000, 0x0000000087f00000|  0%| F|  |TAMS 0x0000000087e00000, 0x0000000087e00000| Untracked 
|  99|0x0000000087f00000, 0x0000000087f00000, 0x0000000088000000|  0%| F|  |TAMS 0x0000000087f00000, 0x0000000087f00000| Untracked 
| 100|0x0000000088000000, 0x0000000088000000, 0x0000000088100000|  0%| F|  |TAMS 0x0000000088000000, 0x0000000088000000| Untracked 
| 101|0x0000000088100000, 0x0000000088100000, 0x0000000088200000|  0%| F|  |TAMS 0x0000000088100000, 0x0000000088100000| Untracked 
| 102|0x0000000088200000, 0x0000000088200000, 0x0000000088300000|  0%| F|  |TAMS 0x0000000088200000, 0x0000000088200000| Untracked 
| 103|0x0000000088300000, 0x0000000088300000, 0x0000000088400000|  0%| F|  |TAMS 0x0000000088300000, 0x0000000088300000| Untracked 
| 104|0x0000000088400000, 0x0000000088400000, 0x0000000088500000|  0%| F|  |TAMS 0x0000000088400000, 0x0000000088400000| Untracked 
| 105|0x0000000088500000, 0x0000000088500000, 0x0000000088600000|  0%| F|  |TAMS 0x0000000088500000, 0x0000000088500000| Untracked 
| 106|0x0000000088600000, 0x0000000088600000, 0x0000000088700000|  0%| F|  |TAMS 0x0000000088600000, 0x0000000088600000| Untracked 
| 107|0x0000000088700000, 0x0000000088700000, 0x0000000088800000|  0%| F|  |TAMS 0x0000000088700000, 0x0000000088700000| Untracked 
| 108|0x0000000088800000, 0x0000000088800000, 0x0000000088900000|  0%| F|  |TAMS 0x0000000088800000, 0x0000000088800000| Untracked 
| 109|0x0000000088900000, 0x0000000088900000, 0x0000000088a00000|  0%| F|  |TAMS 0x0000000088900000, 0x0000000088900000| Untracked 
| 110|0x0000000088a00000, 0x0000000088a00000, 0x0000000088b00000|  0%| F|  |TAMS 0x0000000088a00000, 0x0000000088a00000| Untracked 
| 111|0x0000000088b00000, 0x0000000088b00000, 0x0000000088c00000|  0%| F|  |TAMS 0x0000000088b00000, 0x0000000088b00000| Untracked 
| 112|0x0000000088c00000, 0x0000000088c00000, 0x0000000088d00000|  0%| F|  |TAMS 0x0000000088c00000, 0x0000000088c00000| Untracked 
| 113|0x0000000088d00000, 0x0000000088d00000, 0x0000000088e00000|  0%| F|  |TAMS 0x0000000088d00000, 0x0000000088d00000| Untracked 
| 114|0x0000000088e00000, 0x0000000088e00000, 0x0000000088f00000|  0%| F|  |TAMS 0x0000000088e00000, 0x0000000088e00000| Untracked 
| 115|0x0000000088f00000, 0x0000000088f00000, 0x0000000089000000|  0%| F|  |TAMS 0x0000000088f00000, 0x0000000088f00000| Untracked 
| 116|0x0000000089000000, 0x0000000089000000, 0x0000000089100000|  0%| F|  |TAMS 0x0000000089000000, 0x0000000089000000| Untracked 
| 117|0x0000000089100000, 0x0000000089100000, 0x0000000089200000|  0%| F|  |TAMS 0x0000000089100000, 0x0000000089100000| Untracked 
| 118|0x0000000089200000, 0x0000000089200000, 0x0000000089300000|  0%| F|  |TAMS 0x0000000089200000, 0x0000000089200000| Untracked 
| 119|0x0000000089300000, 0x0000000089300000, 0x0000000089400000|  0%| F|  |TAMS 0x0000000089300000, 0x0000000089300000| Untracked 
| 120|0x0000000089400000, 0x0000000089400000, 0x0000000089500000|  0%| F|  |TAMS 0x0000000089400000, 0x0000000089400000| Untracked 
| 121|0x0000000089500000, 0x0000000089500000, 0x0000000089600000|  0%| F|  |TAMS 0x0000000089500000, 0x0000000089500000| Untracked 
| 122|0x0000000089600000, 0x0000000089600000, 0x0000000089700000|  0%| F|  |TAMS 0x0000000089600000, 0x0000000089600000| Untracked 
| 123|0x0000000089700000, 0x00000000897f64a8, 0x0000000089800000| 96%| E|  |TAMS 0x0000000089700000, 0x0000000089700000| Complete 
| 124|0x0000000089800000, 0x0000000089900000, 0x0000000089900000|100%| E|CS|TAMS 0x0000000089800000, 0x0000000089800000| Complete 
| 125|0x0000000089900000, 0x0000000089a00000, 0x0000000089a00000|100%| E|CS|TAMS 0x0000000089900000, 0x0000000089900000| Complete 
| 126|0x0000000089a00000, 0x0000000089b00000, 0x0000000089b00000|100%| E|CS|TAMS 0x0000000089a00000, 0x0000000089a00000| Complete 
| 127|0x0000000089b00000, 0x0000000089c00000, 0x0000000089c00000|100%| E|CS|TAMS 0x0000000089b00000, 0x0000000089b00000| Complete 

Card table byte_map: [0x000001b7dad10000,0x000001b7db110000] _byte_map_base: 0x000001b7da902000

Marking Bits (Prev, Next): (CMBitMap*) 0x000001b7c3294c48, (CMBitMap*) 0x000001b7c3294c80
 Prev Bits: [0x000001b7db510000, 0x000001b7dd4a0000)
 Next Bits: [0x000001b7dd4a0000, 0x000001b7df430000)

Polling page: 0x000001b7c1200000

Metaspace:

Usage:
  Non-class:      6.09 MB capacity,     5.98 MB ( 98%) used,   108.19 KB (  2%) free+waste,     6.63 KB ( <1%) overhead. 
      Class:    660.00 KB capacity,   595.37 KB ( 90%) used,    61.38 KB (  9%) free+waste,     3.25 KB ( <1%) overhead. 
       Both:      6.74 MB capacity,     6.56 MB ( 97%) used,   169.57 KB (  2%) free+waste,     9.88 KB ( <1%) overhead. 

Virtual space:
  Non-class space:        8.00 MB reserved,       6.25 MB ( 78%) committed 
      Class space:        1.00 GB reserved,     768.00 KB ( <1%) committed 
             Both:        1.01 GB reserved,       7.00 MB ( <1%) committed 

Chunk freelists:
   Non-Class:  3.88 KB
       Class:  1.50 KB
        Both:  5.38 KB

CodeHeap 'non-profiled nmethods': size=120000Kb used=88Kb max_used=88Kb free=119912Kb
 bounds [0x000001b7d30b0000, 0x000001b7d3320000, 0x000001b7da5e0000]
CodeHeap 'profiled nmethods': size=120000Kb used=466Kb max_used=466Kb free=119533Kb
 bounds [0x000001b7cbb80000, 0x000001b7cbdf0000, 0x000001b7d30b0000]
CodeHeap 'non-nmethods': size=5760Kb used=1092Kb max_used=1104Kb free=4667Kb
 bounds [0x000001b7cb5e0000, 0x000001b7cb850000, 0x000001b7cbb80000]
 total_blobs=789 nmethods=316 adapters=314
 compilation: enabled
              stopped_count=0, restarted_count=0
 full_count=0

Compilation events (10 events):
Event: 0.204 Thread 0x000001b7e27ff000 nmethod 310 0x000001b7cbbf3590 code [0x000001b7cbbf3760, 0x000001b7cbbf3910]
Event: 0.204 Thread 0x000001b7e27ff000  311       3       java.io.File::<init> (80 bytes)
Event: 0.205 Thread 0x000001b7e27ff000 nmethod 311 0x000001b7cbbf3a10 code [0x000001b7cbbf3be0, 0x000001b7cbbf3ed0]
Event: 0.205 Thread 0x000001b7e27ff000  313       1       java.lang.Class::getModule (5 bytes)
Event: 0.205 Thread 0x000001b7e27ff000 nmethod 313 0x000001b7d30c5490 code [0x000001b7d30c5640, 0x000001b7d30c5758]
Event: 0.210 Thread 0x000001b7e1e9e800 nmethod 312 0x000001b7d30c5810 code [0x000001b7d30c59a0, 0x000001b7d30c5c98]
Event: 2.110 Thread 0x000001b7e27ff000  315       3       java.util.Collections$UnmodifiableCollection$1::next (10 bytes)
Event: 2.111 Thread 0x000001b7e27ff000 nmethod 315 0x000001b7cbbf4010 code [0x000001b7cbbf41e0, 0x000001b7cbbf4410]
Event: 2.111 Thread 0x000001b7e27ff000  316       3       sun.nio.cs.SingleByte$Encoder::encode (32 bytes)
Event: 2.111 Thread 0x000001b7e27ff000 nmethod 316 0x000001b7cbbf4510 code [0x000001b7cbbf46c0, 0x000001b7cbbf48d8]

GC Heap History (0 events):
No events

Deoptimization events (1 events):
Event: 0.078 Thread 0x000001b7c3255800 Uncommon trap: reason=unstable_if action=reinterpret pc=0x000001b7d30b5690 method=java.lang.String.hashCode()I @ 14 c2

Classes redefined (0 events):
No events

Internal exceptions (4 events):
Event: 0.080 Thread 0x000001b7c3255800 Exception <a 'java/security/PrivilegedActionException'{0x0000000089a2bfc0}> (0x0000000089a2bfc0) thrown at [t:/workspace/open/src/hotspot/share/prims/jvm.cpp, line 1296]
Event: 0.080 Thread 0x000001b7c3255800 Exception <a 'java/security/PrivilegedActionException'{0x0000000089a2c290}> (0x0000000089a2c290) thrown at [t:/workspace/open/src/hotspot/share/prims/jvm.cpp, line 1296]
Event: 2.108 Thread 0x000001b7e2cb7000 Exception <a 'java/lang/Exception'{0x000000008983c388}: unknown exception> (0x000000008983c388) thrown at [t:/workspace/open/src/hotspot/share/prims/jni.cpp, line 636]
Event: 2.112 Thread 0x000001b7e2b1c800 Exception <a 'java/lang/Exception'{0x00000000899ba3f0}: unknown exception> (0x00000000899ba3f0) thrown at [t:/workspace/open/src/hotspot/share/prims/jni.cpp, line 636]

Events (10 events):
Event: 2.109 loading class java/lang/Throwable$WrappedPrintStream
Event: 2.109 loading class java/lang/Throwable$PrintStreamOrWriter
Event: 2.109 loading class java/lang/Throwable$PrintStreamOrWriter done
Event: 2.109 loading class java/lang/Throwable$WrappedPrintStream done
Event: 2.110 loading class java/lang/StackTraceElement$HashedModules
Event: 2.110 Executing VM operation: RevokeBias
Event: 2.110 loading class java/lang/StackTraceElement$HashedModules done
Event: 2.110 Executing VM operation: RevokeBias done
Event: 2.111 Executing VM operation: RevokeBias
Event: 2.111 Executing VM operation: RevokeBias done


Dynamic libraries:
0x00007ff7ff9f0000 - 0x00007ff7ffa37000 	C:\Program Files\Java\jdk-11.0.6\bin\java.exe
0x00007ffd1c840000 - 0x00007ffd1ca30000 	C:\Windows\SYSTEM32\ntdll.dll
0x00007ffd1c430000 - 0x00007ffd1c4e2000 	C:\Windows\System32\KERNEL32.DLL
0x00007ffd19ad0000 - 0x00007ffd19d73000 	C:\Windows\System32\KERNELBASE.dll
0x00007ffd1bd80000 - 0x00007ffd1be23000 	C:\Windows\System32\ADVAPI32.dll
0x00007ffd1c010000 - 0x00007ffd1c0ae000 	C:\Windows\System32\msvcrt.dll
0x00007ffd1bea0000 - 0x00007ffd1bf37000 	C:\Windows\System32\sechost.dll
0x00007ffd1c260000 - 0x00007ffd1c380000 	C:\Windows\System32\RPCRT4.dll
0x00007ffd1bbe0000 - 0x00007ffd1bd74000 	C:\Windows\System32\USER32.dll
0x00007ffd19950000 - 0x00007ffd19971000 	C:\Windows\System32\win32u.dll
0x00007ffd1c6c0000 - 0x00007ffd1c6e6000 	C:\Windows\System32\GDI32.dll
0x00007ffd1a630000 - 0x00007ffd1a7c4000 	C:\Windows\System32\gdi32full.dll
0x00007ffd1a850000 - 0x00007ffd1a8ee000 	C:\Windows\System32\msvcp_win.dll
0x00007ffd19850000 - 0x00007ffd1994a000 	C:\Windows\System32\ucrtbase.dll
0x00007ffd00180000 - 0x00007ffd00405000 	C:\Windows\WinSxS\amd64_microsoft.windows.common-controls_6595b64144ccf1df_6.0.18362.720_none_e6beb5c51314836b\COMCTL32.dll
0x00007ffd14010000 - 0x00007ffd1401a000 	C:\Windows\SYSTEM32\VERSION.dll
0x00007ffd1b750000 - 0x00007ffd1ba86000 	C:\Windows\System32\combase.dll
0x00007ffd19d80000 - 0x00007ffd19e00000 	C:\Windows\System32\bcryptPrimitives.dll
0x00007ffd1c400000 - 0x00007ffd1c42e000 	C:\Windows\System32\IMM32.DLL
0x00007ffd11100000 - 0x00007ffd11116000 	C:\Program Files\Java\jdk-11.0.6\bin\vcruntime140.dll
0x00007ffce81d0000 - 0x00007ffce827a000 	C:\Program Files\Java\jdk-11.0.6\bin\msvcp140.dll
0x00007ffcb8aa0000 - 0x00007ffcb95c9000 	C:\Program Files\Java\jdk-11.0.6\bin\server\jvm.dll
0x00007ffd1b610000 - 0x00007ffd1b618000 	C:\Windows\System32\PSAPI.DLL
0x00007ffd07580000 - 0x00007ffd07589000 	C:\Windows\SYSTEM32\WSOCK32.dll
0x00007ffd172e0000 - 0x00007ffd17304000 	C:\Windows\SYSTEM32\WINMM.dll
0x00007ffd1be30000 - 0x00007ffd1be9f000 	C:\Windows\System32\WS2_32.dll
0x00007ffd16f40000 - 0x00007ffd16f6d000 	C:\Windows\SYSTEM32\winmmbase.dll
0x00007ffd197d0000 - 0x00007ffd1981a000 	C:\Windows\System32\cfgmgr32.dll
0x00007ffd19730000 - 0x00007ffd19741000 	C:\Windows\System32\kernel.appcore.dll
0x00007ffd04e20000 - 0x00007ffd04e31000 	C:\Program Files\Java\jdk-11.0.6\bin\verify.dll
0x00007ffd18000000 - 0x00007ffd181f4000 	C:\Windows\SYSTEM32\DBGHELP.DLL
0x00007ffd10650000 - 0x00007ffd1067a000 	C:\Windows\SYSTEM32\dbgcore.DLL
0x00007ffd01210000 - 0x00007ffd01239000 	C:\Program Files\Java\jdk-11.0.6\bin\java.dll
0x00007ffd04940000 - 0x00007ffd04956000 	C:\Program Files\Java\jdk-11.0.6\bin\zip.dll
0x00007ffd110c0000 - 0x00007ffd110ca000 	C:\Program Files\Java\jdk-11.0.6\bin\jimage.dll
0x00007ffd1aec0000 - 0x00007ffd1b5a5000 	C:\Windows\System32\SHELL32.dll
0x00007ffd1b620000 - 0x00007ffd1b6c9000 	C:\Windows\System32\shcore.dll
0x00007ffd19eb0000 - 0x00007ffd1a630000 	C:\Windows\System32\windows.storage.dll
0x00007ffd197a0000 - 0x00007ffd197c3000 	C:\Windows\System32\profapi.dll
0x00007ffd19750000 - 0x00007ffd1979a000 	C:\Windows\System32\powrprof.dll
0x00007ffd19700000 - 0x00007ffd19710000 	C:\Windows\System32\UMPDC.dll
0x00007ffd1b5b0000 - 0x00007ffd1b602000 	C:\Windows\System32\shlwapi.dll
0x00007ffd1a830000 - 0x00007ffd1a847000 	C:\Windows\System32\cryptsp.dll
0x00007ffd01680000 - 0x00007ffd01699000 	C:\Program Files\Java\jdk-11.0.6\bin\net.dll
0x00007ffd0e030000 - 0x00007ffd0e121000 	C:\Windows\SYSTEM32\WINHTTP.dll
0x00007ffd18f10000 - 0x00007ffd18f77000 	C:\Windows\system32\mswsock.dll
0x00007ffd01170000 - 0x00007ffd01183000 	C:\Program Files\Java\jdk-11.0.6\bin\nio.dll
0x00007ffcae860000 - 0x00007ffcb19a5000 	C:\Users\botan\Work\FaceID\project\app\dataset-normalizer\libs\opencv_java420.dll
0x00007ffd1ad60000 - 0x00007ffd1aeb7000 	C:\Windows\System32\ole32.dll
0x00007ffd1bf40000 - 0x00007ffd1c004000 	C:\Windows\System32\OLEAUT32.dll
0x00007ffd12c20000 - 0x00007ffd12e1a000 	C:\Windows\SYSTEM32\MFPlat.DLL
0x00007ffce9680000 - 0x00007ffce9702000 	C:\Windows\SYSTEM32\MF.dll
0x00007ffce3930000 - 0x00007ffce3a69000 	C:\Windows\SYSTEM32\MFReadWrite.dll
0x00007ffccc890000 - 0x00007ffcccc7c000 	C:\Windows\SYSTEM32\MFCORE.DLL
0x00007ffd19980000 - 0x00007ffd19ac9000 	C:\Windows\System32\CRYPT32.dll
0x00007ffd19710000 - 0x00007ffd19722000 	C:\Windows\System32\MSASN1.dll
0x00007ffd19820000 - 0x00007ffd19846000 	C:\Windows\System32\bcrypt.dll
0x00007ffd114b0000 - 0x00007ffd114b9000 	C:\Windows\SYSTEM32\ksuser.dll
0x00007ffd190e0000 - 0x00007ffd190ec000 	C:\Windows\SYSTEM32\CRYPTBASE.DLL
0x00007ffd121a0000 - 0x00007ffd121cf000 	C:\Windows\SYSTEM32\RTWorkQ.DLL
0x00007ffce80b0000 - 0x00007ffce811e000 	C:\Windows\SYSTEM32\OpenCL.dll
0x00007ffd18350000 - 0x00007ffd18370000 	C:\Windows\SYSTEM32\dxcore.dll
0x00007ffd183e0000 - 0x00007ffd184cb000 	C:\Windows\SYSTEM32\dxgi.dll
0x00007ffcb6df0000 - 0x00007ffcb8a93000 	C:\Windows\System32\DriverStore\FileRepository\nvamui.inf_amd64_a87030b33299fddc\nvopencl64.dll
0x00007ffd176b0000 - 0x00007ffd17749000 	C:\Windows\system32\uxtheme.dll
0x00007ffd095e0000 - 0x00007ffd09acc000 	C:\Windows\SYSTEM32\nvapi64.dll
0x00007ffd1a8f0000 - 0x00007ffd1ad60000 	C:\Windows\System32\SETUPAPI.dll
0x00007ffce2990000 - 0x00007ffce2b02000 	C:\Windows\System32\DriverStore\FileRepository\iigd_dch.inf_amd64_38bfcb542ef4272e\IntelOpenCL64.dll
0x00007ffce2120000 - 0x00007ffce2276000 	C:\Windows\System32\DriverStore\FileRepository\iigd_dch.inf_amd64_38bfcb542ef4272e\ocl\bin\x64\intelocl64.dll
0x00007ffce4310000 - 0x00007ffce437f000 	C:\Windows\System32\DriverStore\FileRepository\iigd_dch.inf_amd64_38bfcb542ef4272e\ocl\bin\x64\task_executor64.dll
0x00007ffce3090000 - 0x00007ffce3118000 	C:\Windows\System32\DriverStore\FileRepository\iigd_dch.inf_amd64_38bfcb542ef4272e\ocl\bin\x64\cpu_device64.dll
0x00007ffcdfc60000 - 0x00007ffce0067000 	C:\Windows\System32\DriverStore\FileRepository\iigd_dch.inf_amd64_38bfcb542ef4272e\igdrcl64.dll
0x00007ffd0eb90000 - 0x00007ffd0ece2000 	C:\Windows\System32\DriverStore\FileRepository\iigd_dch.inf_amd64_38bfcb542ef4272e\igdgmm64.dll
0x00007ffce06e0000 - 0x00007ffce07a2000 	C:\Windows\System32\DriverStore\FileRepository\iigd_dch.inf_amd64_38bfcb542ef4272e\igdfcl64.dll
0x00007ffd09ad0000 - 0x00007ffd0be26000 	C:\Windows\System32\DriverStore\FileRepository\iigd_dch.inf_amd64_38bfcb542ef4272e\igc64.dll

dbghelp: loaded successfully - version: 4.0.5 - missing functions: none
symbol engine: initialized successfully - sym options: 0x614 - pdb path: (cannot be retrieved)

VM Arguments:
jvm_args: -Dfile.encoding=windows-1252 -Duser.country=US -Duser.language=en -Duser.variant 
java_command: Main
java_class_path (initial): C:\Users\botan\Work\FaceID\project\app\dataset-normalizer\build\classes\java\main;C:\Users\botan\Work\FaceID\project\app\dataset-normalizer\build\resources\main;C:\gradle\caches\modules-2\files-2.1\org.bytedeco.javacpp-presets\opencv\4.0.1-1.4.4\c7e05759bdfcb140cb236e5461a83ae3d053c38\opencv-4.0.1-1.4.4.jar;C:\gradle\caches\modules-2\files-2.1\org.bytedeco\javacpp\1.4.4\6408ace5ec4fdc5b64ecb67829e0142cd361d64a\javacpp-1.4.4.jar
Launcher Type: SUN_STANDARD

[Global flags]

[error occurred during error reporting (printing flags), id 0xc0000005, EXCEPTION_ACCESS_VIOLATION (0xc0000005) at pc=0x00007ffd1c87d17e]

Logging:
Log output configuration:
 #0: stdout all=warning uptime,level,tags
 #1: stderr all=off uptime,level,tags

Environment Variables:
JAVA_HOME=C:\Program Files\Java\jdk-11.0.6
JRE_HOME=C:\Program Files\Java\jdk-11.0.6
PATH=C:\Program Files\NVIDIA GPU Computing Toolkit\CUDA\v10.2\bin;C:\Program Files\NVIDIA GPU Computing Toolkit\CUDA\v10.2\libnvvp;C:\Windows\system32;C:\Windows;C:\Windows\System32\Wbem;C:\Windows\System32\WindowsPowerShell\v1.0\;C:\Windows\System32\OpenSSH\;C:\Program Files\Git\cmd;C:\Program Files\Intel\WiFi\bin\;C:\Program Files\Common Files\Intel\WirelessCommon\;C:\Program Files\NVIDIA Corporation\Nsight Compute 2019.5.0\;C:\Program Files (x86)\NVIDIA Corporation\PhysX\Common;C:\Program Files\NVIDIA Corporation\NVIDIA NvDLISR;C:\Program Files\CMake\bin;C:\Program Files\PuTTY\;C:\Program Files\Java\jdk-11.0.6\bin;C:\Program Files\dotnet\;C:\gradle\bin;C:\Users\botan\AppData\Local\Microsoft\WindowsApps;C:\Users\botan\AppData\Local\GitHubDesktop\bin;C:\Program Files\Docker Toolbox
USERNAME=botan
OS=Windows_NT
PROCESSOR_IDENTIFIER=Intel64 Family 6 Model 158 Stepping 9, GenuineIntel



---------------  S Y S T E M  ---------------

OS:
[error occurred during error reporting (printing OS information), id 0xc0000005, EXCEPTION_ACCESS_VIOLATION (0xc0000005) at pc=0x00007ffd1c87d17e]

CPU:total 8 (initial active 8) (4 cores per cpu, 2 threads per core) family 6 model 158 stepping 9, cmov, cx8, fxsr, mmx, sse, sse2, sse3, ssse3, sse4.1, sse4.2, popcnt, avx, avx2, aes, clmul, erms, 3dnowpref, lzcnt, ht, tsc, tscinvbit, bmi1, bmi2, adx, fma

Memory: 4k page, system-wide physical 8076M (1854M free)
TotalPageFile size 18095M (AvailPageFile size 4718M)
current process WorkingSet (physical memory assigned to process): 414M, peak: 423M
current process commit charge ("private bytes"): 758M, peak: 767M

vm_info: Java HotSpot(TM) 64-Bit Server VM (11.0.6+8-LTS) for windows-amd64 JRE (11.0.6+8-LTS), built on Dec 11 2019 09:17:57 by "mach5one" with MS VC++ 15.5 (VS2017)

END.
